2025-06-30T01:03:56+00:00 MacBook-Pro-2.local#00 I: Runner: processes
2025-06-30T01:03:56+00:00 MacBook-Pro-2.local#00 I: Chooser: simple
2025-06-30T01:03:56+00:00 MacBook-Pro-2.local#00 I: Configuration suite_name = "suite"
2025-06-30T01:03:56+00:00 MacBook-Pro-2.local#00 I: Configuration cache_filename = "/Users/ukitanaoya/ocaml_intern_git/oUnit-$(suite_name).cache"
2025-06-30T01:03:56+00:00 MacBook-Pro-2.local#00 I: Configuration run_gc_full_major = "true"
2025-06-30T01:03:56+00:00 MacBook-Pro-2.local#00 I: Configuration display = "true"
2025-06-30T01:03:56+00:00 MacBook-Pro-2.local#00 I: Configuration results_style_1_X = "false"
2025-06-30T01:03:56+00:00 MacBook-Pro-2.local#00 I: Configuration testdata_dir = "none"
2025-06-30T01:03:56+00:00 MacBook-Pro-2.local#00 I: Configuration health_check_interval = "1."
2025-06-30T01:03:56+00:00 MacBook-Pro-2.local#00 I: Configuration verbose = "false"
2025-06-30T01:03:56+00:00 MacBook-Pro-2.local#00 I: Configuration chooser = "simple"
2025-06-30T01:03:56+00:00 MacBook-Pro-2.local#00 I: Configuration output_html_dir = "none"
2025-06-30T01:03:56+00:00 MacBook-Pro-2.local#00 I: Configuration processes_kill_period = "5."
2025-06-30T01:03:56+00:00 MacBook-Pro-2.local#00 I: Configuration runner = "processes"
2025-06-30T01:03:56+00:00 MacBook-Pro-2.local#00 I: Configuration shards = "2"
2025-06-30T01:03:56+00:00 MacBook-Pro-2.local#00 I: Configuration processes_grace_period = "5."
2025-06-30T01:03:56+00:00 MacBook-Pro-2.local#00 I: Configuration log_encoding = "utf-8"
2025-06-30T01:03:56+00:00 MacBook-Pro-2.local#00 I: Configuration output_junit_file = "none"
2025-06-30T01:03:56+00:00 MacBook-Pro-2.local#00 I: Configuration ci = "false"
2025-06-30T01:03:56+00:00 MacBook-Pro-2.local#00 I: Configuration output_file = "/Users/ukitanaoya/ocaml_intern_git/oUnit-$(suite_name)-$(shard_id).log"
2025-06-30T01:03:56+00:00 MacBook-Pro-2.local#00 I: Using 2 workers maximum.
2025-06-30T01:03:56+00:00 MacBook-Pro-2.local#00 I: Starting worker number MacBook-Pro-2.local#01.
2025-06-30T01:03:56+00:00 MacBook-Pro-2.local#00 I: Worker MacBook-Pro-2.local#01 started.
2025-06-30T01:03:56+00:00 MacBook-Pro-2.local#00 I: Starting worker number MacBook-Pro-2.local#02.
2025-06-30T01:03:56+00:00 MacBook-Pro-2.local#00 I: Worker MacBook-Pro-2.local#02 started.
2025-06-30T01:03:56+00:00 MacBook-Pro-2.local#00 I: 2 tests running: suite:1:test2, suite:0:test1.
2025-06-30T01:03:56+00:00 MacBook-Pro-2.local#01 I: Start test suite:0:test1.
2025-06-30T01:03:56+00:00 MacBook-Pro-2.local#00 I: 2 tests running: suite:1:test2, suite:0:test1.
2025-06-30T01:03:56+00:00 MacBook-Pro-2.local#01 I: Test suite:0:test1 is successful.
2025-06-30T01:03:56+00:00 MacBook-Pro-2.local#00 I: 2 tests running: suite:1:test2, suite:0:test1.
2025-06-30T01:03:56+00:00 MacBook-Pro-2.local#01 I: End test suite:0:test1.
2025-06-30T01:03:56+00:00 MacBook-Pro-2.local#00 I: 2 tests running: suite:1:test2, suite:0:test1.
2025-06-30T01:03:56+00:00 MacBook-Pro-2.local#00 I: 2 tests running: suite:2:test3, suite:1:test2.
2025-06-30T01:03:56+00:00 MacBook-Pro-2.local#01 I: Start test suite:2:test3.
2025-06-30T01:03:56+00:00 MacBook-Pro-2.local#00 I: 2 tests running: suite:2:test3, suite:1:test2.
2025-06-30T01:03:56+00:00 MacBook-Pro-2.local#02 I: Start test suite:1:test2.
2025-06-30T01:03:56+00:00 MacBook-Pro-2.local#00 I: 2 tests running: suite:2:test3, suite:1:test2.
2025-06-30T01:03:56+00:00 MacBook-Pro-2.local#01 I: Test suite:2:test3 is successful.
2025-06-30T01:03:56+00:00 MacBook-Pro-2.local#00 I: 2 tests running: suite:2:test3, suite:1:test2.
2025-06-30T01:03:56+00:00 MacBook-Pro-2.local#01 I: End test suite:2:test3.
2025-06-30T01:03:56+00:00 MacBook-Pro-2.local#00 I: 2 tests running: suite:2:test3, suite:1:test2.
2025-06-30T01:03:56+00:00 MacBook-Pro-2.local#00 I: 2 tests running: suite:3:test4, suite:1:test2.
2025-06-30T01:03:56+00:00 MacBook-Pro-2.local#01 I: Start test suite:3:test4.
2025-06-30T01:03:56+00:00 MacBook-Pro-2.local#00 I: 2 tests running: suite:3:test4, suite:1:test2.
2025-06-30T01:03:56+00:00 MacBook-Pro-2.local#02 I: Test suite:1:test2 is successful.
2025-06-30T01:03:56+00:00 MacBook-Pro-2.local#00 I: 2 tests running: suite:3:test4, suite:1:test2.
2025-06-30T01:03:56+00:00 MacBook-Pro-2.local#02 I: End test suite:1:test2.
2025-06-30T01:03:56+00:00 MacBook-Pro-2.local#00 I: 2 tests running: suite:3:test4, suite:1:test2.
2025-06-30T01:03:56+00:00 MacBook-Pro-2.local#00 I: 2 tests running: suite:4:test5, suite:3:test4.
2025-06-30T01:03:56+00:00 MacBook-Pro-2.local#02 I: Start test suite:4:test5.
2025-06-30T01:03:56+00:00 MacBook-Pro-2.local#00 I: 2 tests running: suite:4:test5, suite:3:test4.
2025-06-30T01:03:56+00:00 MacBook-Pro-2.local#01 I: Test suite:3:test4 is successful.
2025-06-30T01:03:56+00:00 MacBook-Pro-2.local#00 I: 2 tests running: suite:4:test5, suite:3:test4.
2025-06-30T01:03:56+00:00 MacBook-Pro-2.local#01 I: End test suite:3:test4.
2025-06-30T01:03:56+00:00 MacBook-Pro-2.local#00 I: 2 tests running: suite:4:test5, suite:3:test4.
2025-06-30T01:03:56+00:00 MacBook-Pro-2.local#00 I: Still 2 tests running : suite:5:test6, suite:4:test5.
2025-06-30T01:03:56+00:00 MacBook-Pro-2.local#00 I: 2 tests running: suite:5:test6, suite:4:test5.
2025-06-30T01:03:56+00:00 MacBook-Pro-2.local#01 I: Start test suite:5:test6.
2025-06-30T01:03:56+00:00 MacBook-Pro-2.local#00 I: Still 2 tests running : suite:5:test6, suite:4:test5.
2025-06-30T01:03:56+00:00 MacBook-Pro-2.local#00 I: 2 tests running: suite:5:test6, suite:4:test5.
2025-06-30T01:03:56+00:00 MacBook-Pro-2.local#02 I: Test suite:4:test5 is successful.
2025-06-30T01:03:56+00:00 MacBook-Pro-2.local#00 I: Still 2 tests running : suite:5:test6, suite:4:test5.
2025-06-30T01:03:56+00:00 MacBook-Pro-2.local#00 I: 2 tests running: suite:5:test6, suite:4:test5.
2025-06-30T01:03:56+00:00 MacBook-Pro-2.local#02 I: End test suite:4:test5.
2025-06-30T01:03:56+00:00 MacBook-Pro-2.local#00 I: Still 2 tests running : suite:5:test6, suite:4:test5.
2025-06-30T01:03:56+00:00 MacBook-Pro-2.local#00 I: 2 tests running: suite:5:test6, suite:4:test5.
2025-06-30T01:03:56+00:00 MacBook-Pro-2.local#00 I: Still 1 tests running : suite:5:test6.
2025-06-30T01:03:56+00:00 MacBook-Pro-2.local#00 I: 1 tests running: suite:5:test6.
2025-06-30T01:03:56+00:00 MacBook-Pro-2.local#01 I: Test suite:5:test6 is successful.
2025-06-30T01:03:56+00:00 MacBook-Pro-2.local#00 I: Still 1 tests running : suite:5:test6.
2025-06-30T01:03:56+00:00 MacBook-Pro-2.local#00 I: 1 tests running: suite:5:test6.
2025-06-30T01:03:56+00:00 MacBook-Pro-2.local#01 I: End test suite:5:test6.
2025-06-30T01:03:56+00:00 MacBook-Pro-2.local#00 I: Still 1 tests running : suite:5:test6.
2025-06-30T01:03:56+00:00 MacBook-Pro-2.local#00 I: 1 tests running: suite:5:test6.
2025-06-30T01:03:56+00:00 MacBook-Pro-2.local#00 I: 0 tests running: .
2025-06-30T01:03:56+00:00 MacBook-Pro-2.local#00 I: Worker MacBook-Pro-2.local#02 has ended.
2025-06-30T01:03:56+00:00 MacBook-Pro-2.local#00 I: Worker MacBook-Pro-2.local#01 has ended.
2025-06-30T01:03:56+00:00 MacBook-Pro-2.local#00 I: Used 2 worker during test execution.
2025-06-30T01:03:56+00:00 MacBook-Pro-2.local#00 I: Run 4 tests with shard MacBook-Pro-2.local#01.
2025-06-30T01:03:56+00:00 MacBook-Pro-2.local#00 I: Run 2 tests with shard MacBook-Pro-2.local#02.
2025-06-30T01:03:56+00:00 MacBook-Pro-2.local#00 I: Check health of shard MacBook-Pro-2.local#01, 1 times.
2025-06-30T01:03:56+00:00 MacBook-Pro-2.local#00 I: Check health of shard MacBook-Pro-2.local#02, 4 times.
2025-06-30T01:03:56+00:00 MacBook-Pro-2.local#00 I: ==============
2025-06-30T01:03:56+00:00 MacBook-Pro-2.local#00 I: Summary:
2025-06-30T01:03:56+00:00 MacBook-Pro-2.local#00 I: Test suite:5:test6 is successful.
2025-06-30T01:03:56+00:00 MacBook-Pro-2.local#00 I: Test suite:4:test5 is successful.
2025-06-30T01:03:56+00:00 MacBook-Pro-2.local#00 I: Test suite:3:test4 is successful.
2025-06-30T01:03:56+00:00 MacBook-Pro-2.local#00 I: Test suite:1:test2 is successful.
2025-06-30T01:03:56+00:00 MacBook-Pro-2.local#00 I: Test suite:2:test3 is successful.
2025-06-30T01:03:56+00:00 MacBook-Pro-2.local#00 I: Test suite:0:test1 is successful.
2025-06-30T01:03:56+00:00 MacBook-Pro-2.local#00 I: Ran: 6 tests in: 0.12 seconds.
2025-06-30T01:03:56+00:00 MacBook-Pro-2.local#00 I: Cases: 6.
2025-06-30T01:03:56+00:00 MacBook-Pro-2.local#00 I: Tried: 6.
2025-06-30T01:03:56+00:00 MacBook-Pro-2.local#00 I: Errors: 0.
2025-06-30T01:03:56+00:00 MacBook-Pro-2.local#00 I: Failures: 0.
2025-06-30T01:03:56+00:00 MacBook-Pro-2.local#00 I: Skip: 0.
2025-06-30T01:03:56+00:00 MacBook-Pro-2.local#00 I: Todo: 0.
2025-06-30T01:03:56+00:00 MacBook-Pro-2.local#00 I: Timeout: 0.
